[0m17:24:36.422686 [debug] [MainThread]: Sending event: {'category': 'dbt', 'action': 'invocation', 'label': 'start', 'context': [<snowplow_tracker.self_describing_json.SelfDescribingJson object at 0x0000019CF3C24C20>, <snowplow_tracker.self_describing_json.SelfDescribingJson object at 0x0000019CF42B0B60>, <snowplow_tracker.self_describing_json.SelfDescribingJson object at 0x0000019CF42B0EC0>]}


============================== 17:24:36.441245 | f2a50c71-74d6-4345-8b6a-455dbf09ac9a ==============================
[0m17:24:36.441245 [info ] [MainThread]: Running with dbt=1.11.8
[0m17:24:36.445090 [debug] [MainThread]: running dbt with arguments {'static_parser': 'True', 'no_print': 'None', 'version_check': 'True', 'target_path': 'None', 'warn_error_options': 'WarnErrorOptionsV2(error=[], warn=[], silence=[])', 'printer_width': '80', 'write_json': 'True', 'empty': 'None', 'log_cache_events': 'False', 'introspect': 'True', 'cache_selected_only': 'False', 'log_format': 'default', 'debug': 'False', 'fail_fast': 'False', 'profiles_dir': 'C:\\Users\\USER\\.dbt', 'send_anonymous_usage_stats': 'True', 'quiet': 'False', 'warn_error': 'None', 'partial_parse': 'True', 'use_colors': 'True', 'invocation_command': 'dbt init pizza_dwh', 'indirect_selection': 'eager', 'use_experimental_parser': 'False', 'log_path': 'logs'}
[0m17:24:36.538911 [info ] [MainThread]: Creating dbt configuration folder at C:\Users\USER\.dbt
[0m17:24:36.545964 [debug] [MainThread]: Starter project path: C:\Users\USER\AppData\Local\Packages\PythonSoftwareFoundation.Python.3.12_qbz5n2kfra8p0\LocalCache\local-packages\Python312\site-packages\dbt\include\starter_project
[0m17:24:36.596742 [info ] [MainThread]: 
Your new dbt project "pizza_dwh" was created!

For more information on how to configure the profiles.yml file,
please consult the dbt documentation here:

  https://docs.getdbt.com/docs/configure-your-profile

One more thing:

Need help? Don't hesitate to reach out to us via GitHub issues or on Slack:

  https://community.getdbt.com/

Happy modeling!

[0m17:24:36.605481 [info ] [MainThread]: Setting up your profile.
[0m17:24:43.849973 [info ] [MainThread]: No sample profile found for clickhouse.
[0m17:24:43.919704 [debug] [MainThread]: Command `python -m dbt.cli.main init` succeeded at 17:24:43.915646 after 8.21 seconds
[0m17:24:43.922648 [debug] [MainThread]: Sending event: {'category': 'dbt', 'action': 'invocation', 'label': 'end', 'context': [<snowplow_tracker.self_describing_json.SelfDescribingJson object at 0x0000019CF0D963F0>, <snowplow_tracker.self_describing_json.SelfDescribingJson object at 0x0000019CF0DBC230>, <snowplow_tracker.self_describing_json.SelfDescribingJson object at 0x0000019CF46EDD00>]}
[0m17:24:43.924650 [debug] [MainThread]: Flushing usage events
[0m17:24:47.741111 [debug] [MainThread]: An error was encountered while trying to flush usage events
